GAS LISTING /tmp/ccaFDSED.s 			page 1


   1               		.file	"plotter.c"
   2               		.arch at90s8515
   3               	__SREG__ = 0x3f
   4               	__SP_H__ = 0x3e
   5               	__SP_L__ = 0x3d
   6               	__tmp_reg__ = 0
   7               	__zero_reg__ = 1
   8               		.global __do_copy_data
   9               		.global __do_clear_bss
  10               		.data
  11               		.type	altIndex, @object
  12               		.size	altIndex, 1
  13               	altIndex:
  14 0000 64        		.byte	100
  15               	.LC0:
  16 0001 4156 522D 		.string	"AVR-Plotter 1.0"
  16      506C 6F74 
  16      7465 7220 
  16      312E 3000 
  17               	.LC1:
  18 0011 312E 4D6F 		.string	"1.Motor  2.ADC  \n3.LDraw  4.Plot"
  18      746F 7220 
  18      2032 2E41 
  18      4443 2020 
  18      0A33 2E4C 
  19               	.LC2:
  20 0032 5820 3D20 		.string	"X = "
  20      00
  21               	.LC3:
  22 0037 5920 3D20 		.string	"Y = "
  22      00
  23               		.text
  24               	.global	main
  25               		.type	main, @function
  26               	main:
  27               	/* prologue: frame size=11 */
  28 0000 C0E0      		ldi r28,lo8(__stack - 11)
  29 0002 D0E0      		ldi r29,hi8(__stack - 11)
  30 0004 DEBF      		out __SP_H__,r29
  31 0006 CDBF      		out __SP_L__,r28
  32               	/* prologue end (size=4) */
  33               	/* #APP */
  34 0008 F894      		cli
  35               	/* #NOAPP */
  36 000a 00D0      		rcall initPorts
  37 000c 00D0      		rcall initTimers
  38 000e 00D0      		rcall MotorDelayInit
  39               	/* #APP */
  40 0010 7894      		sei
  41               	/* #NOAPP */
  42 0012 00D0      		rcall initUART
  43 0014 00D0      		rcall initKeypad
  44 0016 00D0      		rcall initLcd
  45 0018 00D0      		rcall cls_lcd
  46 001a 80E0      		ldi r24,lo8(.LC0)
  47 001c 90E0      		ldi r25,hi8(.LC0)
  48 001e 00D0      		rcall print_lcd
GAS LISTING /tmp/ccaFDSED.s 			page 2


  49 0020 84EF      		ldi r24,lo8(500)
  50 0022 91E0      		ldi r25,hi8(500)
  51 0024 00D0      		rcall delay
  52 0026 00D0      		rcall cls_lcd
  53 0028 8CE0      		ldi r24,lo8(12)
  54 002a 90E0      		ldi r25,hi8(12)
  55 002c 00D0      		rcall putchar_serie
  56               	.L2:
  57 002e 80E0      		ldi r24,lo8(.LC1)
  58 0030 90E0      		ldi r25,hi8(.LC1)
  59 0032 00D0      		rcall print_lcd
  60 0034 00D0      		rcall getchar_keypad
  61 0036 8983      		std Y+1,r24
  62 0038 8981      		ldd r24,Y+1
  63 003a 282F      		mov r18,r24
  64 003c 3327      		clr r19
  65 003e 2A87      		std Y+10,r18
  66 0040 3B87      		std Y+11,r19
  67 0042 8A85      		ldd r24,Y+10
  68 0044 9B85      		ldd r25,Y+11
  69 0046 8333      		cpi r24,51
  70 0048 9105      		cpc r25,__zero_reg__
  71 004a A1F0      		breq .L7
  72 004c 2A85      		ldd r18,Y+10
  73 004e 3B85      		ldd r19,Y+11
  74 0050 2433      		cpi r18,52
  75 0052 3105      		cpc r19,__zero_reg__
  76 0054 34F4      		brge .L9
  77 0056 8A85      		ldd r24,Y+10
  78 0058 9B85      		ldd r25,Y+11
  79 005a 8133      		cpi r24,49
  80 005c 9105      		cpc r25,__zero_reg__
  81 005e 41F0      		breq .L5
  82 0060 6AC0      		rjmp .L4
  83               	.L9:
  84 0062 2A85      		ldd r18,Y+10
  85 0064 3B85      		ldd r19,Y+11
  86 0066 2433      		cpi r18,52
  87 0068 3105      		cpc r19,__zero_reg__
  88 006a 09F4      		brne .+2
  89 006c 63C0      		rjmp .L8
  90 006e 63C0      		rjmp .L4
  91               	.L5:
  92 0070 64D0      		rcall menu_motor
  93 0072 61C0      		rjmp .L4
  94               	.L7:
  95 0074 00D0      		rcall cls_lcd
  96 0076 80E0      		ldi r24,lo8(.LC2)
  97 0078 90E0      		ldi r25,hi8(.LC2)
  98 007a 00D0      		rcall print_lcd
  99 007c 00D0      		rcall cursor_on
 100 007e 67D3      		rcall buida_buffer
 101 0080 60E4      		ldi r22,lo8(64)
 102 0082 80E0      		ldi r24,lo8(PrintBuf)
 103 0084 90E0      		ldi r25,hi8(PrintBuf)
 104 0086 00D0      		rcall Entrada_Teclat
 105 0088 60E0      		ldi r22,lo8(0)
GAS LISTING /tmp/ccaFDSED.s 			page 3


 106 008a 70E0      		ldi r23,hi8(0)
 107 008c 80E0      		ldi r24,lo8(PrintBuf)
 108 008e 90E0      		ldi r25,hi8(PrintBuf)
 109 0090 00D0      		rcall strtod
 110 0092 6A83      		std Y+2,r22
 111 0094 7B83      		std Y+3,r23
 112 0096 8C83      		std Y+4,r24
 113 0098 9D83      		std Y+5,r25
 114 009a 61E0      		ldi r22,lo8(1)
 115 009c 82E0      		ldi r24,lo8(2)
 116 009e 00D0      		rcall setpos_lcd
 117 00a0 80E0      		ldi r24,lo8(.LC3)
 118 00a2 90E0      		ldi r25,hi8(.LC3)
 119 00a4 00D0      		rcall print_lcd
 120 00a6 53D3      		rcall buida_buffer
 121 00a8 60E4      		ldi r22,lo8(64)
 122 00aa 80E0      		ldi r24,lo8(PrintBuf)
 123 00ac 90E0      		ldi r25,hi8(PrintBuf)
 124 00ae 00D0      		rcall Entrada_Teclat
 125 00b0 60E0      		ldi r22,lo8(0)
 126 00b2 70E0      		ldi r23,hi8(0)
 127 00b4 80E0      		ldi r24,lo8(PrintBuf)
 128 00b6 90E0      		ldi r25,hi8(PrintBuf)
 129 00b8 00D0      		rcall strtod
 130 00ba 6E83      		std Y+6,r22
 131 00bc 7F83      		std Y+7,r23
 132 00be 8887      		std Y+8,r24
 133 00c0 9987      		std Y+9,r25
 134 00c2 00D0      		rcall cursor_off
 135 00c4 81E0      		ldi r24,lo8(1)
 136 00c6 00D0      		rcall motors
 137 00c8 00D0      		rcall SolenoidActivate
 138 00ca 6E81      		ldd r22,Y+6
 139 00cc 7F81      		ldd r23,Y+7
 140 00ce 8885      		ldd r24,Y+8
 141 00d0 9985      		ldd r25,Y+9
 142 00d2 00D0      		rcall __fixsfsi
 143 00d4 B92F      		mov r27,r25
 144 00d6 A82F      		mov r26,r24
 145 00d8 972F      		mov r25,r23
 146 00da 862F      		mov r24,r22
 147 00dc 082F      		mov r16,r24
 148 00de 192F      		mov r17,r25
 149 00e0 6A81      		ldd r22,Y+2
 150 00e2 7B81      		ldd r23,Y+3
 151 00e4 8C81      		ldd r24,Y+4
 152 00e6 9D81      		ldd r25,Y+5
 153 00e8 00D0      		rcall __fixsfsi
 154 00ea B92F      		mov r27,r25
 155 00ec A82F      		mov r26,r24
 156 00ee 972F      		mov r25,r23
 157 00f0 862F      		mov r24,r22
 158 00f2 712F      		mov r23,r17
 159 00f4 602F      		mov r22,r16
 160 00f6 00D0      		rcall MotorBresLine
 161 00f8 00D0      		rcall SolenoidDeactivate
 162 00fa 6A81      		ldd r22,Y+2
GAS LISTING /tmp/ccaFDSED.s 			page 4


 163 00fc 7B81      		ldd r23,Y+3
 164 00fe 8C81      		ldd r24,Y+4
 165 0100 9D81      		ldd r25,Y+5
 166 0102 00D0      		rcall __fixsfsi
 167 0104 B92F      		mov r27,r25
 168 0106 A82F      		mov r26,r24
 169 0108 972F      		mov r25,r23
 170 010a 862F      		mov r24,r22
 171 010c 9093 0000 		sts (currX)+1,r25
 172 0110 8093 0000 		sts currX,r24
 173 0114 6E81      		ldd r22,Y+6
 174 0116 7F81      		ldd r23,Y+7
 175 0118 8885      		ldd r24,Y+8
 176 011a 9985      		ldd r25,Y+9
 177 011c 00D0      		rcall __fixsfsi
 178 011e B92F      		mov r27,r25
 179 0120 A82F      		mov r26,r24
 180 0122 972F      		mov r25,r23
 181 0124 862F      		mov r24,r22
 182 0126 9093 0000 		sts (currY)+1,r25
 183 012a 8093 0000 		sts currY,r24
 184 012e 80E0      		ldi r24,lo8(0)
 185 0130 00D0      		rcall motors
 186 0132 01C0      		rjmp .L4
 187               	.L8:
 188 0134 FDD0      		rcall plot_interpreter
 189               	.L4:
 190 0136 00D0      		rcall cls_lcd
 191 0138 7ACF      		rjmp .L2
 192               	/* epilogue: frame size=11 */
 193               	/* epilogue: noreturn */
 194               	/* epilogue end (size=0) */
 195               	/* function main size 159 (155) */
 196               		.size	main, .-main
 197               		.data
 198               	.LC4:
 199 003c 506F 7369 		.string	"Posicio:"
 199      6369 6F3A 
 199      00
 200               	.LC5:
 201 0045 5500      		.string	"U"
 202               	.LC6:
 203 0047 4400      		.string	"D"
 204               	.LC7:
 205 0049 5820 3D20 		.string	"X =     Y =     "
 205      2020 2020 
 205      5920 3D20 
 205      2020 2020 
 205      00
 206               		.text
 207               	.global	menu_motor
 208               		.type	menu_motor, @function
 209               	menu_motor:
 210               	/* prologue: frame size=6 */
 211 013a CF93      		push r28
 212 013c DF93      		push r29
 213 013e CDB7      		in r28,__SP_L__
GAS LISTING /tmp/ccaFDSED.s 			page 5


 214 0140 DEB7      		in r29,__SP_H__
 215 0142 2697      		sbiw r28,6
 216 0144 0FB6      		in __tmp_reg__,__SREG__
 217 0146 F894      		cli
 218 0148 DEBF      		out __SP_H__,r29
 219 014a 0FBE      		out __SREG__,__tmp_reg__
 220 014c CDBF      		out __SP_L__,r28
 221               	/* prologue end (size=10) */
 222 014e 00D0      		rcall cls_lcd
 223 0150 80E0      		ldi r24,lo8(.LC4)
 224 0152 90E0      		ldi r25,hi8(.LC4)
 225 0154 00D0      		rcall print_lcd
 226 0156 00D0      		rcall MotorDelayInit
 227 0158 81E0      		ldi r24,lo8(1)
 228 015a 00D0      		rcall motors
 229 015c 1982      		std Y+1,__zero_reg__
 230 015e 1A82      		std Y+2,__zero_reg__
 231               	.L11:
 232 0160 8981      		ldd r24,Y+1
 233 0162 8830      		cpi r24,lo8(8)
 234 0164 09F4      		brne .+2
 235 0166 D9C0      		rjmp .L12
 236 0168 00D0      		rcall getchar_keypad
 237 016a 8983      		std Y+1,r24
 238 016c 8981      		ldd r24,Y+1
 239 016e 282F      		mov r18,r24
 240 0170 3327      		clr r19
 241 0172 2D83      		std Y+5,r18
 242 0174 3E83      		std Y+6,r19
 243 0176 8D81      		ldd r24,Y+5
 244 0178 9E81      		ldd r25,Y+6
 245 017a 8533      		cpi r24,53
 246 017c 9105      		cpc r25,__zero_reg__
 247 017e 09F4      		brne .+2
 248 0180 9AC0      		rjmp .L24
 249 0182 2D81      		ldd r18,Y+5
 250 0184 3E81      		ldd r19,Y+6
 251 0186 2633      		cpi r18,54
 252 0188 3105      		cpc r19,__zero_reg__
 253 018a 64F4      		brge .L29
 254 018c 8D81      		ldd r24,Y+5
 255 018e 9E81      		ldd r25,Y+6
 256 0190 8233      		cpi r24,50
 257 0192 9105      		cpc r25,__zero_reg__
 258 0194 99F0      		breq .L14
 259 0196 2D81      		ldd r18,Y+5
 260 0198 3E81      		ldd r19,Y+6
 261 019a 2433      		cpi r18,52
 262 019c 3105      		cpc r19,__zero_reg__
 263 019e 09F4      		brne .+2
 264 01a0 4CC0      		rjmp .L19
 265 01a2 A4C0      		rjmp .L13
 266               	.L29:
 267 01a4 8D81      		ldd r24,Y+5
 268 01a6 9E81      		ldd r25,Y+6
 269 01a8 8633      		cpi r24,54
 270 01aa 9105      		cpc r25,__zero_reg__
GAS LISTING /tmp/ccaFDSED.s 			page 6


 271 01ac 09F4      		brne .+2
 272 01ae 6FC0      		rjmp .L22
 273 01b0 2D81      		ldd r18,Y+5
 274 01b2 3E81      		ldd r19,Y+6
 275 01b4 2833      		cpi r18,56
 276 01b6 3105      		cpc r19,__zero_reg__
 277 01b8 59F1      		breq .L17
 278 01ba 98C0      		rjmp .L13
 279               	.L14:
 280 01bc 8091 0000 		lds r24,currY
 281 01c0 9091 0000 		lds r25,(currY)+1
 282 01c4 AA27      		clr r26
 283 01c6 97FD      		sbrc r25,7
 284 01c8 A095      		com r26
 285 01ca BA2F      		mov r27,r26
 286 01cc 682F      		mov r22,r24
 287 01ce 792F      		mov r23,r25
 288 01d0 8A2F      		mov r24,r26
 289 01d2 9B2F      		mov r25,r27
 290 01d4 00D0      		rcall __floatsisf
 291 01d6 B92F      		mov r27,r25
 292 01d8 A82F      		mov r26,r24
 293 01da 972F      		mov r25,r23
 294 01dc 862F      		mov r24,r22
 295 01de 20E0      		ldi r18,lo8(0x447a0000)
 296 01e0 30E0      		ldi r19,hi8(0x447a0000)
 297 01e2 4AE7      		ldi r20,hlo8(0x447a0000)
 298 01e4 54E4      		ldi r21,hhi8(0x447a0000)
 299 01e6 682F      		mov r22,r24
 300 01e8 792F      		mov r23,r25
 301 01ea 8A2F      		mov r24,r26
 302 01ec 9B2F      		mov r25,r27
 303 01ee 00D0      		rcall __ltsf2
 304 01f0 8823      		tst r24
 305 01f2 0CF0      		brlt .L16
 306 01f4 7BC0      		rjmp .L13
 307               	.L16:
 308 01f6 61E0      		ldi r22,lo8(1)
 309 01f8 80E0      		ldi r24,lo8(0)
 310 01fa 00D0      		rcall MotorStepXY
 311 01fc 8091 0000 		lds r24,currY
 312 0200 9091 0000 		lds r25,(currY)+1
 313 0204 0196      		adiw r24,1
 314 0206 9093 0000 		sts (currY)+1,r25
 315 020a 8093 0000 		sts currY,r24
 316 020e 6EC0      		rjmp .L13
 317               	.L17:
 318 0210 8091 0000 		lds r24,currY
 319 0214 9091 0000 		lds r25,(currY)+1
 320 0218 1816      		cp __zero_reg__,r24
 321 021a 1906      		cpc __zero_reg__,r25
 322 021c 0CF0      		brlt .+2
 323 021e 66C0      		rjmp .L13
 324 0220 6FEF      		ldi r22,lo8(-1)
 325 0222 80E0      		ldi r24,lo8(0)
 326 0224 00D0      		rcall MotorStepXY
 327 0226 8091 0000 		lds r24,currY
GAS LISTING /tmp/ccaFDSED.s 			page 7


 328 022a 9091 0000 		lds r25,(currY)+1
 329 022e 0197      		sbiw r24,1
 330 0230 9093 0000 		sts (currY)+1,r25
 331 0234 8093 0000 		sts currY,r24
 332 0238 59C0      		rjmp .L13
 333               	.L19:
 334 023a 8091 0000 		lds r24,currY
 335 023e 9091 0000 		lds r25,(currY)+1
 336 0242 AA27      		clr r26
 337 0244 97FD      		sbrc r25,7
 338 0246 A095      		com r26
 339 0248 BA2F      		mov r27,r26
 340 024a 682F      		mov r22,r24
 341 024c 792F      		mov r23,r25
 342 024e 8A2F      		mov r24,r26
 343 0250 9B2F      		mov r25,r27
 344 0252 00D0      		rcall __floatsisf
 345 0254 B92F      		mov r27,r25
 346 0256 A82F      		mov r26,r24
 347 0258 972F      		mov r25,r23
 348 025a 862F      		mov r24,r22
 349 025c 2FE7      		ldi r18,lo8(0x4494ce7f)
 350 025e 3EEC      		ldi r19,hi8(0x4494ce7f)
 351 0260 44E9      		ldi r20,hlo8(0x4494ce7f)
 352 0262 54E4      		ldi r21,hhi8(0x4494ce7f)
 353 0264 682F      		mov r22,r24
 354 0266 792F      		mov r23,r25
 355 0268 8A2F      		mov r24,r26
 356 026a 9B2F      		mov r25,r27
 357 026c 00D0      		rcall __ltsf2
 358 026e 8823      		tst r24
 359 0270 0CF0      		brlt .L21
 360 0272 3CC0      		rjmp .L13
 361               	.L21:
 362 0274 60E0      		ldi r22,lo8(0)
 363 0276 81E0      		ldi r24,lo8(1)
 364 0278 00D0      		rcall MotorStepXY
 365 027a 8091 0000 		lds r24,currX
 366 027e 9091 0000 		lds r25,(currX)+1
 367 0282 0196      		adiw r24,1
 368 0284 9093 0000 		sts (currX)+1,r25
 369 0288 8093 0000 		sts currX,r24
 370 028c 2FC0      		rjmp .L13
 371               	.L22:
 372 028e 8091 0000 		lds r24,currX
 373 0292 9091 0000 		lds r25,(currX)+1
 374 0296 1816      		cp __zero_reg__,r24
 375 0298 1906      		cpc __zero_reg__,r25
 376 029a 44F5      		brge .L13
 377 029c 60E0      		ldi r22,lo8(0)
 378 029e 8FEF      		ldi r24,lo8(-1)
 379 02a0 00D0      		rcall MotorStepXY
 380 02a2 8091 0000 		lds r24,currX
 381 02a6 9091 0000 		lds r25,(currX)+1
 382 02aa 0197      		sbiw r24,1
 383 02ac 9093 0000 		sts (currX)+1,r25
 384 02b0 8093 0000 		sts currX,r24
GAS LISTING /tmp/ccaFDSED.s 			page 8


 385 02b4 1BC0      		rjmp .L13
 386               	.L24:
 387 02b6 8A81      		ldd r24,Y+2
 388 02b8 8095      		com r24
 389 02ba 8A83      		std Y+2,r24
 390 02bc 60E1      		ldi r22,lo8(16)
 391 02be 81E0      		ldi r24,lo8(1)
 392 02c0 00D0      		rcall setpos_lcd
 393 02c2 8A81      		ldd r24,Y+2
 394 02c4 8823      		tst r24
 395 02c6 29F0      		breq .L25
 396 02c8 80E0      		ldi r24,lo8(.LC5)
 397 02ca 90E0      		ldi r25,hi8(.LC5)
 398 02cc 8B83      		std Y+3,r24
 399 02ce 9C83      		std Y+4,r25
 400 02d0 04C0      		rjmp .L26
 401               	.L25:
 402 02d2 20E0      		ldi r18,lo8(.LC6)
 403 02d4 30E0      		ldi r19,hi8(.LC6)
 404 02d6 2B83      		std Y+3,r18
 405 02d8 3C83      		std Y+4,r19
 406               	.L26:
 407 02da 8B81      		ldd r24,Y+3
 408 02dc 9C81      		ldd r25,Y+4
 409 02de 00D0      		rcall print_lcd
 410 02e0 8A81      		ldd r24,Y+2
 411 02e2 8823      		tst r24
 412 02e4 11F0      		breq .L27
 413 02e6 00D0      		rcall SolenoidActivate
 414 02e8 01C0      		rjmp .L13
 415               	.L27:
 416 02ea 00D0      		rcall SolenoidDeactivate
 417               	.L13:
 418 02ec 61E0      		ldi r22,lo8(1)
 419 02ee 82E0      		ldi r24,lo8(2)
 420 02f0 00D0      		rcall setpos_lcd
 421 02f2 80E0      		ldi r24,lo8(.LC7)
 422 02f4 90E0      		ldi r25,hi8(.LC7)
 423 02f6 00D0      		rcall print_lcd
 424 02f8 65E0      		ldi r22,lo8(5)
 425 02fa 82E0      		ldi r24,lo8(2)
 426 02fc 00D0      		rcall setpos_lcd
 427 02fe 8091 0000 		lds r24,currX
 428 0302 9091 0000 		lds r25,(currX)+1
 429 0306 00D0      		rcall pinta_valor
 430 0308 6DE0      		ldi r22,lo8(13)
 431 030a 82E0      		ldi r24,lo8(2)
 432 030c 00D0      		rcall setpos_lcd
 433 030e 8091 0000 		lds r24,currY
 434 0312 9091 0000 		lds r25,(currY)+1
 435 0316 00D0      		rcall pinta_valor
 436 0318 23CF      		rjmp .L11
 437               	.L12:
 438 031a 80E0      		ldi r24,lo8(0)
 439 031c 00D0      		rcall motors
 440               	/* epilogue: frame size=6 */
 441 031e 2696      		adiw r28,6
GAS LISTING /tmp/ccaFDSED.s 			page 9


 442 0320 0FB6      		in __tmp_reg__,__SREG__
 443 0322 F894      		cli
 444 0324 DEBF      		out __SP_H__,r29
 445 0326 0FBE      		out __SREG__,__tmp_reg__
 446 0328 CDBF      		out __SP_L__,r28
 447 032a DF91      		pop r29
 448 032c CF91      		pop r28
 449 032e 0895      		ret
 450               	/* epilogue end (size=9) */
 451               	/* function menu_motor size 251 (232) */
 452               		.size	menu_motor, .-menu_motor
 453               		.data
 454               	.LC8:
 455 005a 5043 2043 		.string	"PC Ctrl Remot:"
 455      7472 6C20 
 455      5265 6D6F 
 455      743A 00
 456               		.text
 457               	.global	plot_interpreter
 458               		.type	plot_interpreter, @function
 459               	plot_interpreter:
 460               	/* prologue: frame size=0 */
 461 0330 CF93      		push r28
 462 0332 DF93      		push r29
 463 0334 CDB7      		in r28,__SP_L__
 464 0336 DEB7      		in r29,__SP_H__
 465               	/* prologue end (size=4) */
 466 0338 00D0      		rcall cls_lcd
 467 033a 80E0      		ldi r24,lo8(.LC8)
 468 033c 90E0      		ldi r25,hi8(.LC8)
 469 033e 00D0      		rcall print_lcd
 470 0340 85E2      		ldi r24,lo8(37)
 471 0342 90E0      		ldi r25,hi8(37)
 472 0344 00D0      		rcall putchar_serie
 473               	.L31:
 474 0346 60E4      		ldi r22,lo8(64)
 475 0348 70E0      		ldi r23,hi8(64)
 476 034a 80E0      		ldi r24,lo8(PrintBuf)
 477 034c 90E0      		ldi r25,hi8(PrintBuf)
 478 034e 00D0      		rcall llegeix_serie
 479 0350 80E0      		ldi r24,lo8(PrintBuf)
 480 0352 90E0      		ldi r25,hi8(PrintBuf)
 481 0354 9093 0000 		sts (buf)+1,r25
 482 0358 8093 0000 		sts buf,r24
 483 035c E091 0000 		lds r30,buf
 484 0360 F091 0000 		lds r31,(buf)+1
 485 0364 8081      		ld r24,Z
 486 0366 8823      		tst r24
 487 0368 09F4      		brne .L33
 488 036a 07C0      		rjmp .L32
 489               	.L33:
 490 036c 00D0      		rcall iskeypressed
 491 036e 8823      		tst r24
 492 0370 09F0      		breq .L34
 493 0372 03C0      		rjmp .L32
 494               	.L34:
 495 0374 0DD0      		rcall plotcmdParse
GAS LISTING /tmp/ccaFDSED.s 			page 10


 496 0376 8823      		tst r24
 497 0378 31F3      		breq .L31
 498               	.L32:
 499 037a 80E0      		ldi r24,lo8(0)
 500 037c 00D0      		rcall motors
 501 037e 8FE7      		ldi r24,lo8(127)
 502 0380 9091 3200 		lds r25,50
 503 0384 8923      		and r24,r25
 504 0386 8093 3200 		sts 50,r24
 505               	/* epilogue: frame size=0 */
 506 038a DF91      		pop r29
 507 038c CF91      		pop r28
 508 038e 0895      		ret
 509               	/* epilogue end (size=3) */
 510               	/* function plot_interpreter size 48 (41) */
 511               		.size	plot_interpreter, .-plot_interpreter
 512               		.data
 513               	.LC9:
 514 0069 436D 643A 		.string	"Cmd: "
 514      2000 
 515               	.LC10:
 516 006f 5065 6E20 		.string	"Pen Up  "
 516      5570 2020 
 516      00
 517               	.LC11:
 518 0078 5065 6E20 		.string	"Pen Down"
 518      446F 776E 
 518      00
 519               	.LC12:
 520 0081 4C69 6E69 		.string	"Linia   "
 520      6120 2020 
 520      00
 521               		.text
 522               	.global	plotcmdParse
 523               		.type	plotcmdParse, @function
 524               	plotcmdParse:
 525               	/* prologue: frame size=15 */
 526 0390 0F93      		push r16
 527 0392 1F93      		push r17
 528 0394 CF93      		push r28
 529 0396 DF93      		push r29
 530 0398 CDB7      		in r28,__SP_L__
 531 039a DEB7      		in r29,__SP_H__
 532 039c 2F97      		sbiw r28,15
 533 039e 0FB6      		in __tmp_reg__,__SREG__
 534 03a0 F894      		cli
 535 03a2 DEBF      		out __SP_H__,r29
 536 03a4 0FBE      		out __SREG__,__tmp_reg__
 537 03a6 CDBF      		out __SP_L__,r28
 538               	/* prologue end (size=12) */
 539 03a8 2091 0000 		lds r18,buf
 540 03ac 3091 0000 		lds r19,(buf)+1
 541 03b0 2B87      		std Y+11,r18
 542 03b2 3C87      		std Y+12,r19
 543 03b4 EB85      		ldd r30,Y+11
 544 03b6 FC85      		ldd r31,Y+12
 545 03b8 8081      		ld r24,Z
GAS LISTING /tmp/ccaFDSED.s 			page 11


 546 03ba 2B85      		ldd r18,Y+11
 547 03bc 3C85      		ldd r19,Y+12
 548 03be 2F5F      		subi r18,lo8(-(1))
 549 03c0 3F4F      		sbci r19,hi8(-(1))
 550 03c2 2B87      		std Y+11,r18
 551 03c4 3C87      		std Y+12,r19
 552 03c6 8D87      		std Y+13,r24
 553 03c8 61E0      		ldi r22,lo8(1)
 554 03ca 82E0      		ldi r24,lo8(2)
 555 03cc 00D0      		rcall setpos_lcd
 556 03ce 80E0      		ldi r24,lo8(.LC9)
 557 03d0 90E0      		ldi r25,hi8(.LC9)
 558 03d2 00D0      		rcall print_lcd
 559 03d4 8091 3200 		lds r24,50
 560 03d8 8068      		ori r24,lo8(-128)
 561 03da 8093 3200 		sts 50,r24
 562               	.L37:
 563 03de 3D85      		ldd r19,Y+13
 564 03e0 3323      		tst r19
 565 03e2 09F4      		brne .+2
 566 03e4 A4C0      		rjmp .L38
 567               	.L39:
 568 03e6 8D85      		ldd r24,Y+13
 569 03e8 8823      		tst r24
 570 03ea 71F0      		breq .L40
 571 03ec 9D85      		ldd r25,Y+13
 572 03ee 9032      		cpi r25,lo8(32)
 573 03f0 59F4      		brne .L40
 574 03f2 EB85      		ldd r30,Y+11
 575 03f4 FC85      		ldd r31,Y+12
 576 03f6 8081      		ld r24,Z
 577 03f8 2B85      		ldd r18,Y+11
 578 03fa 3C85      		ldd r19,Y+12
 579 03fc 2F5F      		subi r18,lo8(-(1))
 580 03fe 3F4F      		sbci r19,hi8(-(1))
 581 0400 2B87      		std Y+11,r18
 582 0402 3C87      		std Y+12,r19
 583 0404 8D87      		std Y+13,r24
 584 0406 EFCF      		rjmp .L39
 585               	.L40:
 586 0408 8B85      		ldd r24,Y+11
 587 040a 9C85      		ldd r25,Y+12
 588 040c 9093 0000 		sts (buf)+1,r25
 589 0410 8093 0000 		sts buf,r24
 590 0414 ED85      		ldd r30,Y+13
 591 0416 FF27      		clr r31
 592 0418 E7FD      		sbrc r30,7
 593 041a F095      		com r31
 594 041c EE87      		std Y+14,r30
 595 041e FF87      		std Y+15,r31
 596 0420 2E85      		ldd r18,Y+14
 597 0422 3F85      		ldd r19,Y+15
 598 0424 2534      		cpi r18,69
 599 0426 3105      		cpc r19,__zero_reg__
 600 0428 09F4      		brne .+2
 601 042a 6BC0      		rjmp .L45
 602 042c 8E85      		ldd r24,Y+14
GAS LISTING /tmp/ccaFDSED.s 			page 12


 603 042e 9F85      		ldd r25,Y+15
 604 0430 8634      		cpi r24,70
 605 0432 9105      		cpc r25,__zero_reg__
 606 0434 34F4      		brge .L46
 607 0436 EE85      		ldd r30,Y+14
 608 0438 FF85      		ldd r31,Y+15
 609 043a E434      		cpi r30,68
 610 043c F105      		cpc r31,__zero_reg__
 611 043e 89F0      		breq .L43
 612 0440 65C0      		rjmp .L41
 613               	.L46:
 614 0442 2E85      		ldd r18,Y+14
 615 0444 3F85      		ldd r19,Y+15
 616 0446 2C34      		cpi r18,76
 617 0448 3105      		cpc r19,__zero_reg__
 618 044a 81F0      		breq .L44
 619 044c 8E85      		ldd r24,Y+14
 620 044e 9F85      		ldd r25,Y+15
 621 0450 8535      		cpi r24,85
 622 0452 9105      		cpc r25,__zero_reg__
 623 0454 09F0      		breq .L42
 624 0456 5AC0      		rjmp .L41
 625               	.L42:
 626 0458 00D0      		rcall SolenoidDeactivate
 627 045a 80E0      		ldi r24,lo8(.LC10)
 628 045c 90E0      		ldi r25,hi8(.LC10)
 629 045e 00D0      		rcall print_lcd
 630 0460 55C0      		rjmp .L41
 631               	.L43:
 632 0462 00D0      		rcall SolenoidActivate
 633 0464 80E0      		ldi r24,lo8(.LC11)
 634 0466 90E0      		ldi r25,hi8(.LC11)
 635 0468 00D0      		rcall print_lcd
 636 046a 50C0      		rjmp .L41
 637               	.L44:
 638 046c 81E0      		ldi r24,lo8(1)
 639 046e 00D0      		rcall motors
 640 0470 6DD0      		rcall numberParse
 641 0472 B92F      		mov r27,r25
 642 0474 A82F      		mov r26,r24
 643 0476 972F      		mov r25,r23
 644 0478 862F      		mov r24,r22
 645 047a 8983      		std Y+1,r24
 646 047c 9A83      		std Y+2,r25
 647 047e AB83      		std Y+3,r26
 648 0480 BC83      		std Y+4,r27
 649 0482 64D0      		rcall numberParse
 650 0484 B92F      		mov r27,r25
 651 0486 A82F      		mov r26,r24
 652 0488 972F      		mov r25,r23
 653 048a 862F      		mov r24,r22
 654 048c 8D83      		std Y+5,r24
 655 048e 9E83      		std Y+6,r25
 656 0490 AF83      		std Y+7,r26
 657 0492 B887      		std Y+8,r27
 658 0494 80E0      		ldi r24,lo8(.LC12)
 659 0496 90E0      		ldi r25,hi8(.LC12)
GAS LISTING /tmp/ccaFDSED.s 			page 13


 660 0498 00D0      		rcall print_lcd
 661 049a 6D81      		ldd r22,Y+5
 662 049c 7E81      		ldd r23,Y+6
 663 049e 8F81      		ldd r24,Y+7
 664 04a0 9885      		ldd r25,Y+8
 665 04a2 00D0      		rcall __fixsfsi
 666 04a4 B92F      		mov r27,r25
 667 04a6 A82F      		mov r26,r24
 668 04a8 972F      		mov r25,r23
 669 04aa 862F      		mov r24,r22
 670 04ac 082F      		mov r16,r24
 671 04ae 192F      		mov r17,r25
 672 04b0 6981      		ldd r22,Y+1
 673 04b2 7A81      		ldd r23,Y+2
 674 04b4 8B81      		ldd r24,Y+3
 675 04b6 9C81      		ldd r25,Y+4
 676 04b8 00D0      		rcall __fixsfsi
 677 04ba B92F      		mov r27,r25
 678 04bc A82F      		mov r26,r24
 679 04be 972F      		mov r25,r23
 680 04c0 862F      		mov r24,r22
 681 04c2 712F      		mov r23,r17
 682 04c4 602F      		mov r22,r16
 683 04c6 00D0      		rcall MotorBresLine
 684 04c8 6981      		ldd r22,Y+1
 685 04ca 7A81      		ldd r23,Y+2
 686 04cc 8B81      		ldd r24,Y+3
 687 04ce 9C81      		ldd r25,Y+4
 688 04d0 00D0      		rcall __fixsfsi
 689 04d2 B92F      		mov r27,r25
 690 04d4 A82F      		mov r26,r24
 691 04d6 972F      		mov r25,r23
 692 04d8 862F      		mov r24,r22
 693 04da 9093 0000 		sts (currX)+1,r25
 694 04de 8093 0000 		sts currX,r24
 695 04e2 6D81      		ldd r22,Y+5
 696 04e4 7E81      		ldd r23,Y+6
 697 04e6 8F81      		ldd r24,Y+7
 698 04e8 9885      		ldd r25,Y+8
 699 04ea 00D0      		rcall __fixsfsi
 700 04ec B92F      		mov r27,r25
 701 04ee A82F      		mov r26,r24
 702 04f0 972F      		mov r25,r23
 703 04f2 862F      		mov r24,r22
 704 04f4 9093 0000 		sts (currY)+1,r25
 705 04f8 8093 0000 		sts currY,r24
 706 04fc 80E0      		ldi r24,lo8(0)
 707 04fe 00D0      		rcall motors
 708 0500 05C0      		rjmp .L41
 709               	.L45:
 710 0502 E1E0      		ldi r30,lo8(1)
 711 0504 F0E0      		ldi r31,hi8(1)
 712 0506 E987      		std Y+9,r30
 713 0508 FA87      		std Y+10,r31
 714 050a 13C0      		rjmp .L36
 715               	.L41:
 716 050c 2091 0000 		lds r18,buf
GAS LISTING /tmp/ccaFDSED.s 			page 14


 717 0510 3091 0000 		lds r19,(buf)+1
 718 0514 2B87      		std Y+11,r18
 719 0516 3C87      		std Y+12,r19
 720 0518 EB85      		ldd r30,Y+11
 721 051a FC85      		ldd r31,Y+12
 722 051c 8081      		ld r24,Z
 723 051e 2B85      		ldd r18,Y+11
 724 0520 3C85      		ldd r19,Y+12
 725 0522 2F5F      		subi r18,lo8(-(1))
 726 0524 3F4F      		sbci r19,hi8(-(1))
 727 0526 2B87      		std Y+11,r18
 728 0528 3C87      		std Y+12,r19
 729 052a 8D87      		std Y+13,r24
 730 052c 58CF      		rjmp .L37
 731               	.L38:
 732 052e 1986      		std Y+9,__zero_reg__
 733 0530 1A86      		std Y+10,__zero_reg__
 734               	.L36:
 735 0532 8985      		ldd r24,Y+9
 736 0534 9A85      		ldd r25,Y+10
 737               	/* epilogue: frame size=15 */
 738 0536 2F96      		adiw r28,15
 739 0538 0FB6      		in __tmp_reg__,__SREG__
 740 053a F894      		cli
 741 053c DEBF      		out __SP_H__,r29
 742 053e 0FBE      		out __SREG__,__tmp_reg__
 743 0540 CDBF      		out __SP_L__,r28
 744 0542 DF91      		pop r29
 745 0544 CF91      		pop r28
 746 0546 1F91      		pop r17
 747 0548 0F91      		pop r16
 748 054a 0895      		ret
 749               	/* epilogue end (size=11) */
 750               	/* function plotcmdParse size 222 (199) */
 751               		.size	plotcmdParse, .-plotcmdParse
 752               	.global	numberParse
 753               		.type	numberParse, @function
 754               	numberParse:
 755               	/* prologue: frame size=8 */
 756 054c EF92      		push r14
 757 054e FF92      		push r15
 758 0550 0F93      		push r16
 759 0552 1F93      		push r17
 760 0554 CF93      		push r28
 761 0556 DF93      		push r29
 762 0558 CDB7      		in r28,__SP_L__
 763 055a DEB7      		in r29,__SP_H__
 764 055c 2897      		sbiw r28,8
 765 055e 0FB6      		in __tmp_reg__,__SREG__
 766 0560 F894      		cli
 767 0562 DEBF      		out __SP_H__,r29
 768 0564 0FBE      		out __SREG__,__tmp_reg__
 769 0566 CDBF      		out __SP_L__,r28
 770               	/* prologue end (size=14) */
 771 0568 2091 0000 		lds r18,buf
 772 056c 3091 0000 		lds r19,(buf)+1
 773 0570 2E83      		std Y+6,r18
GAS LISTING /tmp/ccaFDSED.s 			page 15


 774 0572 3F83      		std Y+7,r19
 775 0574 1982      		std Y+1,__zero_reg__
 776 0576 1A82      		std Y+2,__zero_reg__
 777 0578 81E0      		ldi r24,lo8(1)
 778 057a 90E0      		ldi r25,hi8(1)
 779 057c 8B83      		std Y+3,r24
 780 057e 9C83      		std Y+4,r25
 781 0580 1D82      		std Y+5,__zero_reg__
 782 0582 EE81      		ldd r30,Y+6
 783 0584 FF81      		ldd r31,Y+7
 784 0586 8081      		ld r24,Z
 785 0588 2E81      		ldd r18,Y+6
 786 058a 3F81      		ldd r19,Y+7
 787 058c 2F5F      		subi r18,lo8(-(1))
 788 058e 3F4F      		sbci r19,hi8(-(1))
 789 0590 2E83      		std Y+6,r18
 790 0592 3F83      		std Y+7,r19
 791 0594 8887      		std Y+8,r24
 792               	.L48:
 793 0596 3885      		ldd r19,Y+8
 794 0598 3323      		tst r19
 795 059a 71F0      		breq .L49
 796 059c 4885      		ldd r20,Y+8
 797 059e 4032      		cpi r20,lo8(32)
 798 05a0 59F4      		brne .L49
 799 05a2 EE81      		ldd r30,Y+6
 800 05a4 FF81      		ldd r31,Y+7
 801 05a6 8081      		ld r24,Z
 802 05a8 2E81      		ldd r18,Y+6
 803 05aa 3F81      		ldd r19,Y+7
 804 05ac 2F5F      		subi r18,lo8(-(1))
 805 05ae 3F4F      		sbci r19,hi8(-(1))
 806 05b0 2E83      		std Y+6,r18
 807 05b2 3F83      		std Y+7,r19
 808 05b4 8887      		std Y+8,r24
 809 05b6 EFCF      		rjmp .L48
 810               	.L49:
 811 05b8 3885      		ldd r19,Y+8
 812 05ba 3D32      		cpi r19,lo8(45)
 813 05bc 61F4      		brne .L51
 814 05be 81E0      		ldi r24,lo8(1)
 815 05c0 8D83      		std Y+5,r24
 816 05c2 EE81      		ldd r30,Y+6
 817 05c4 FF81      		ldd r31,Y+7
 818 05c6 8081      		ld r24,Z
 819 05c8 2E81      		ldd r18,Y+6
 820 05ca 3F81      		ldd r19,Y+7
 821 05cc 2F5F      		subi r18,lo8(-(1))
 822 05ce 3F4F      		sbci r19,hi8(-(1))
 823 05d0 2E83      		std Y+6,r18
 824 05d2 3F83      		std Y+7,r19
 825 05d4 8887      		std Y+8,r24
 826               	.L51:
 827 05d6 3885      		ldd r19,Y+8
 828 05d8 3033      		cpi r19,lo8(48)
 829 05da 44F1      		brlt .L52
 830 05dc 4885      		ldd r20,Y+8
GAS LISTING /tmp/ccaFDSED.s 			page 16


 831 05de 4A33      		cpi r20,lo8(58)
 832 05e0 2CF5      		brge .L52
 833 05e2 8885      		ldd r24,Y+8
 834 05e4 8053      		subi r24,lo8(-(-48))
 835 05e6 8887      		std Y+8,r24
 836 05e8 2981      		ldd r18,Y+1
 837 05ea 3A81      		ldd r19,Y+2
 838 05ec 932F      		mov r25,r19
 839 05ee 822F      		mov r24,r18
 840 05f0 880F      		lsl r24
 841 05f2 991F      		rol r25
 842 05f4 880F      		lsl r24
 843 05f6 991F      		rol r25
 844 05f8 880F      		lsl r24
 845 05fa 991F      		rol r25
 846 05fc 820F      		add r24,r18
 847 05fe 931F      		adc r25,r19
 848 0600 280F      		add r18,r24
 849 0602 391F      		adc r19,r25
 850 0604 E885      		ldd r30,Y+8
 851 0606 8E2F      		mov r24,r30
 852 0608 9927      		clr r25
 853 060a 87FD      		sbrc r24,7
 854 060c 9095      		com r25
 855 060e 820F      		add r24,r18
 856 0610 931F      		adc r25,r19
 857 0612 8983      		std Y+1,r24
 858 0614 9A83      		std Y+2,r25
 859 0616 EE81      		ldd r30,Y+6
 860 0618 FF81      		ldd r31,Y+7
 861 061a 8081      		ld r24,Z
 862 061c 2E81      		ldd r18,Y+6
 863 061e 3F81      		ldd r19,Y+7
 864 0620 2F5F      		subi r18,lo8(-(1))
 865 0622 3F4F      		sbci r19,hi8(-(1))
 866 0624 2E83      		std Y+6,r18
 867 0626 3F83      		std Y+7,r19
 868 0628 8887      		std Y+8,r24
 869 062a D5CF      		rjmp .L51
 870               	.L52:
 871 062c 3885      		ldd r19,Y+8
 872 062e 3E32      		cpi r19,lo8(46)
 873 0630 D9F5      		brne .L53
 874 0632 EE81      		ldd r30,Y+6
 875 0634 FF81      		ldd r31,Y+7
 876 0636 8081      		ld r24,Z
 877 0638 2E81      		ldd r18,Y+6
 878 063a 3F81      		ldd r19,Y+7
 879 063c 2F5F      		subi r18,lo8(-(1))
 880 063e 3F4F      		sbci r19,hi8(-(1))
 881 0640 2E83      		std Y+6,r18
 882 0642 3F83      		std Y+7,r19
 883 0644 8887      		std Y+8,r24
 884               	.L54:
 885 0646 3885      		ldd r19,Y+8
 886 0648 3033      		cpi r19,lo8(48)
 887 064a 74F1      		brlt .L53
GAS LISTING /tmp/ccaFDSED.s 			page 17


 888 064c 4885      		ldd r20,Y+8
 889 064e 4A33      		cpi r20,lo8(58)
 890 0650 5CF5      		brge .L53
 891 0652 8885      		ldd r24,Y+8
 892 0654 8053      		subi r24,lo8(-(-48))
 893 0656 8887      		std Y+8,r24
 894 0658 2981      		ldd r18,Y+1
 895 065a 3A81      		ldd r19,Y+2
 896 065c 932F      		mov r25,r19
 897 065e 822F      		mov r24,r18
 898 0660 880F      		lsl r24
 899 0662 991F      		rol r25
 900 0664 880F      		lsl r24
 901 0666 991F      		rol r25
 902 0668 880F      		lsl r24
 903 066a 991F      		rol r25
 904 066c 820F      		add r24,r18
 905 066e 931F      		adc r25,r19
 906 0670 280F      		add r18,r24
 907 0672 391F      		adc r19,r25
 908 0674 E885      		ldd r30,Y+8
 909 0676 8E2F      		mov r24,r30
 910 0678 9927      		clr r25
 911 067a 87FD      		sbrc r24,7
 912 067c 9095      		com r25
 913 067e 820F      		add r24,r18
 914 0680 931F      		adc r25,r19
 915 0682 8983      		std Y+1,r24
 916 0684 9A83      		std Y+2,r25
 917 0686 2B81      		ldd r18,Y+3
 918 0688 3C81      		ldd r19,Y+4
 919 068a 932F      		mov r25,r19
 920 068c 822F      		mov r24,r18
 921 068e 880F      		lsl r24
 922 0690 991F      		rol r25
 923 0692 880F      		lsl r24
 924 0694 991F      		rol r25
 925 0696 880F      		lsl r24
 926 0698 991F      		rol r25
 927 069a 820F      		add r24,r18
 928 069c 931F      		adc r25,r19
 929 069e 820F      		add r24,r18
 930 06a0 931F      		adc r25,r19
 931 06a2 8B83      		std Y+3,r24
 932 06a4 9C83      		std Y+4,r25
 933 06a6 CFCF      		rjmp .L54
 934               	.L53:
 935 06a8 8D81      		ldd r24,Y+5
 936 06aa 8823      		tst r24
 937 06ac 39F0      		breq .L56
 938 06ae 8981      		ldd r24,Y+1
 939 06b0 9A81      		ldd r25,Y+2
 940 06b2 9095      		com r25
 941 06b4 8195      		neg r24
 942 06b6 9F4F      		sbci r25,lo8(-1)
 943 06b8 8983      		std Y+1,r24
 944 06ba 9A83      		std Y+2,r25
GAS LISTING /tmp/ccaFDSED.s 			page 18


 945               	.L56:
 946 06bc 8E81      		ldd r24,Y+6
 947 06be 9F81      		ldd r25,Y+7
 948 06c0 0197      		sbiw r24,1
 949 06c2 9093 0000 		sts (buf)+1,r25
 950 06c6 8093 0000 		sts buf,r24
 951 06ca 8981      		ldd r24,Y+1
 952 06cc 9A81      		ldd r25,Y+2
 953 06ce 9093 0000 		sts (intNumber)+1,r25
 954 06d2 8093 0000 		sts intNumber,r24
 955 06d6 8981      		ldd r24,Y+1
 956 06d8 9A81      		ldd r25,Y+2
 957 06da AA27      		clr r26
 958 06dc 97FD      		sbrc r25,7
 959 06de A095      		com r26
 960 06e0 BA2F      		mov r27,r26
 961 06e2 682F      		mov r22,r24
 962 06e4 792F      		mov r23,r25
 963 06e6 8A2F      		mov r24,r26
 964 06e8 9B2F      		mov r25,r27
 965 06ea 00D0      		rcall __floatsisf
 966 06ec E62E      		mov r14,r22
 967 06ee F72E      		mov r15,r23
 968 06f0 082F      		mov r16,r24
 969 06f2 192F      		mov r17,r25
 970 06f4 8B81      		ldd r24,Y+3
 971 06f6 9C81      		ldd r25,Y+4
 972 06f8 AA27      		clr r26
 973 06fa 97FD      		sbrc r25,7
 974 06fc A095      		com r26
 975 06fe BA2F      		mov r27,r26
 976 0700 682F      		mov r22,r24
 977 0702 792F      		mov r23,r25
 978 0704 8A2F      		mov r24,r26
 979 0706 9B2F      		mov r25,r27
 980 0708 00D0      		rcall __floatsisf
 981 070a B92F      		mov r27,r25
 982 070c A82F      		mov r26,r24
 983 070e 972F      		mov r25,r23
 984 0710 862F      		mov r24,r22
 985 0712 282F      		mov r18,r24
 986 0714 392F      		mov r19,r25
 987 0716 4A2F      		mov r20,r26
 988 0718 5B2F      		mov r21,r27
 989 071a 912F      		mov r25,r17
 990 071c 802F      		mov r24,r16
 991 071e 7F2D      		mov r23,r15
 992 0720 6E2D      		mov r22,r14
 993 0722 00D0      		rcall __divsf3
 994 0724 B92F      		mov r27,r25
 995 0726 A82F      		mov r26,r24
 996 0728 972F      		mov r25,r23
 997 072a 862F      		mov r24,r22
 998 072c 682F      		mov r22,r24
 999 072e 792F      		mov r23,r25
 1000 0730 8A2F      		mov r24,r26
 1001 0732 9B2F      		mov r25,r27
GAS LISTING /tmp/ccaFDSED.s 			page 19


 1002               	/* epilogue: frame size=8 */
 1003 0734 2896      		adiw r28,8
 1004 0736 0FB6      		in __tmp_reg__,__SREG__
 1005 0738 F894      		cli
 1006 073a DEBF      		out __SP_H__,r29
 1007 073c 0FBE      		out __SREG__,__tmp_reg__
 1008 073e CDBF      		out __SP_L__,r28
 1009 0740 DF91      		pop r29
 1010 0742 CF91      		pop r28
 1011 0744 1F91      		pop r17
 1012 0746 0F91      		pop r16
 1013 0748 FF90      		pop r15
 1014 074a EF90      		pop r14
 1015 074c 0895      		ret
 1016               	/* epilogue end (size=13) */
 1017               	/* function numberParse size 258 (231) */
 1018               		.size	numberParse, .-numberParse
 1019               	.global	buida_buffer
 1020               		.type	buida_buffer, @function
 1021               	buida_buffer:
 1022               	/* prologue: frame size=1 */
 1023 074e CF93      		push r28
 1024 0750 DF93      		push r29
 1025 0752 CDB7      		in r28,__SP_L__
 1026 0754 DEB7      		in r29,__SP_H__
 1027 0756 2197      		sbiw r28,1
 1028 0758 0FB6      		in __tmp_reg__,__SREG__
 1029 075a F894      		cli
 1030 075c DEBF      		out __SP_H__,r29
 1031 075e 0FBE      		out __SREG__,__tmp_reg__
 1032 0760 CDBF      		out __SP_L__,r28
 1033               	/* prologue end (size=10) */
 1034 0762 1982      		std Y+1,__zero_reg__
 1035               	.L58:
 1036 0764 8981      		ldd r24,Y+1
 1037 0766 8134      		cpi r24,lo8(65)
 1038 0768 58F4      		brsh .L57
 1039 076a 8981      		ldd r24,Y+1
 1040 076c 9927      		clr r25
 1041 076e F92F      		mov r31,r25
 1042 0770 E82F      		mov r30,r24
 1043 0772 E050      		subi r30,lo8(-(PrintBuf))
 1044 0774 F040      		sbci r31,hi8(-(PrintBuf))
 1045 0776 1082      		st Z,__zero_reg__
 1046 0778 8981      		ldd r24,Y+1
 1047 077a 8F5F      		subi r24,lo8(-(1))
 1048 077c 8983      		std Y+1,r24
 1049 077e F2CF      		rjmp .L58
 1050               	.L57:
 1051               	/* epilogue: frame size=1 */
 1052 0780 2196      		adiw r28,1
 1053 0782 0FB6      		in __tmp_reg__,__SREG__
 1054 0784 F894      		cli
 1055 0786 DEBF      		out __SP_H__,r29
 1056 0788 0FBE      		out __SREG__,__tmp_reg__
 1057 078a CDBF      		out __SP_L__,r28
 1058 078c DF91      		pop r29
GAS LISTING /tmp/ccaFDSED.s 			page 20


 1059 078e CF91      		pop r28
 1060 0790 0895      		ret
 1061               	/* epilogue end (size=9) */
 1062               	/* function buida_buffer size 34 (15) */
 1063               		.size	buida_buffer, .-buida_buffer
 1064               		.comm buf,2,1
 1065               		.comm PrintBuf,64,1
 1066               		.comm currX,2,1
 1067               		.comm currY,2,1
 1068               		.comm intNumber,2,1
 1069               	/* File "plotter.c": code  972 = 0x03cc ( 873), prologues  54, epilogues  45 */
GAS LISTING /tmp/ccaFDSED.s 			page 21


DEFINED SYMBOLS
                            *ABS*:00000000 plotter.c
                            *ABS*:0000003f __SREG__
                            *ABS*:0000003e __SP_H__
                            *ABS*:0000003d __SP_L__
                            *ABS*:00000000 __tmp_reg__
                            *ABS*:00000001 __zero_reg__
     /tmp/ccaFDSED.s:13     .data:00000000 altIndex
     /tmp/ccaFDSED.s:26     .text:00000000 main
     /tmp/ccaFDSED.s:209    .text:0000013a menu_motor
     /tmp/ccaFDSED.s:1021   .text:0000074e buida_buffer
                            *COM*:00000040 PrintBuf
                            *COM*:00000002 currX
                            *COM*:00000002 currY
     /tmp/ccaFDSED.s:459    .text:00000330 plot_interpreter
                            *COM*:00000002 buf
     /tmp/ccaFDSED.s:524    .text:00000390 plotcmdParse
     /tmp/ccaFDSED.s:754    .text:0000054c numberParse
                            *COM*:00000002 intNumber

UNDEFINED SYMBOLS
__do_copy_data
__do_clear_bss
__stack
initPorts
initTimers
MotorDelayInit
initUART
initKeypad
initLcd
cls_lcd
print_lcd
delay
putchar_serie
getchar_keypad
cursor_on
Entrada_Teclat
strtod
setpos_lcd
cursor_off
motors
SolenoidActivate
__fixsfsi
MotorBresLine
SolenoidDeactivate
__floatsisf
__ltsf2
MotorStepXY
pinta_valor
llegeix_serie
iskeypressed
__divsf3
